make
make[1]: Entering directory '/home/flof/Compilers-ECE-466/Lexer'
make[1]: 'a.out' is up to date.
make[1]: Leaving directory '/home/flof/Compilers-ECE-466/Lexer'
./a.out < ../Assignment1/kw.c
TOKID: 285, LINE_NUM: 1, TOKEN: auto
TOKID: 322, LINE_NUM: 1, TOKEN: ;
NEWLINE
TOKID: 286, LINE_NUM: 2, TOKEN: break
TOKID: 322, LINE_NUM: 2, TOKEN: ;
NEWLINE
TOKID: 287, LINE_NUM: 3, TOKEN: case
TOKID: 322, LINE_NUM: 3, TOKEN: ;
NEWLINE
TOKID: 288, LINE_NUM: 4, TOKEN: char
TOKID: 322, LINE_NUM: 4, TOKEN: ;
NEWLINE
TOKID: 289, LINE_NUM: 5, TOKEN: const
TOKID: 322, LINE_NUM: 5, TOKEN: ;
NEWLINE
TOKID: 290, LINE_NUM: 6, TOKEN: continue
TOKID: 322, LINE_NUM: 6, TOKEN: ;
NEWLINE
TOKID: 291, LINE_NUM: 7, TOKEN: default
TOKID: 322, LINE_NUM: 7, TOKEN: ;
NEWLINE
TOKID: 292, LINE_NUM: 8, TOKEN: do
TOKID: 322, LINE_NUM: 8, TOKEN: ;
NEWLINE
TOKID: 293, LINE_NUM: 9, TOKEN: double
TOKID: 322, LINE_NUM: 9, TOKEN: ;
NEWLINE
TOKID: 294, LINE_NUM: 10, TOKEN: else
TOKID: 322, LINE_NUM: 10, TOKEN: ;
NEWLINE
TOKID: 295, LINE_NUM: 11, TOKEN: enum
TOKID: 322, LINE_NUM: 11, TOKEN: ;
NEWLINE
TOKID: 296, LINE_NUM: 12, TOKEN: extern
TOKID: 322, LINE_NUM: 12, TOKEN: ;
NEWLINE
TOKID: 297, LINE_NUM: 13, TOKEN: float
TOKID: 322, LINE_NUM: 13, TOKEN: ;
NEWLINE
TOKID: 298, LINE_NUM: 14, TOKEN: for
TOKID: 322, LINE_NUM: 14, TOKEN: ;
NEWLINE
TOKID: 299, LINE_NUM: 15, TOKEN: goto
TOKID: 322, LINE_NUM: 15, TOKEN: ;
NEWLINE
TOKID: 300, LINE_NUM: 16, TOKEN: if
TOKID: 322, LINE_NUM: 16, TOKEN: ;
NEWLINE
TOKID: 301, LINE_NUM: 17, TOKEN: inline
TOKID: 322, LINE_NUM: 17, TOKEN: ;
NEWLINE
TOKID: 302, LINE_NUM: 18, TOKEN: int
TOKID: 322, LINE_NUM: 18, TOKEN: ;
NEWLINE
TOKID: 303, LINE_NUM: 19, TOKEN: long
TOKID: 322, LINE_NUM: 19, TOKEN: ;
NEWLINE
TOKID: 304, LINE_NUM: 20, TOKEN: register
TOKID: 322, LINE_NUM: 20, TOKEN: ;
NEWLINE
TOKID: 305, LINE_NUM: 21, TOKEN: restrict
TOKID: 322, LINE_NUM: 21, TOKEN: ;
NEWLINE
TOKID: 306, LINE_NUM: 22, TOKEN: return
TOKID: 322, LINE_NUM: 22, TOKEN: ;
NEWLINE
TOKID: 307, LINE_NUM: 23, TOKEN: short
TOKID: 322, LINE_NUM: 23, TOKEN: ;
NEWLINE
TOKID: 308, LINE_NUM: 24, TOKEN: signed
TOKID: 322, LINE_NUM: 24, TOKEN: ;
NEWLINE
TOKID: 309, LINE_NUM: 25, TOKEN: sizeof
TOKID: 322, LINE_NUM: 25, TOKEN: ;
NEWLINE
TOKID: 310, LINE_NUM: 26, TOKEN: static
TOKID: 322, LINE_NUM: 26, TOKEN: ;
NEWLINE
TOKID: 311, LINE_NUM: 27, TOKEN: struct
TOKID: 322, LINE_NUM: 27, TOKEN: ;
NEWLINE
TOKID: 312, LINE_NUM: 28, TOKEN: switch
TOKID: 322, LINE_NUM: 28, TOKEN: ;
NEWLINE
TOKID: 313, LINE_NUM: 29, TOKEN: typedef
TOKID: 322, LINE_NUM: 29, TOKEN: ;
NEWLINE
TOKID: 314, LINE_NUM: 30, TOKEN: union
TOKID: 322, LINE_NUM: 30, TOKEN: ;
NEWLINE
TOKID: 315, LINE_NUM: 31, TOKEN: unsigned
TOKID: 322, LINE_NUM: 31, TOKEN: ;
NEWLINE
TOKID: 316, LINE_NUM: 32, TOKEN: void
TOKID: 322, LINE_NUM: 32, TOKEN: ;
NEWLINE
TOKID: 317, LINE_NUM: 33, TOKEN: volatile
TOKID: 322, LINE_NUM: 33, TOKEN: ;
NEWLINE
TOKID: 318, LINE_NUM: 34, TOKEN: while
TOKID: 322, LINE_NUM: 34, TOKEN: ;
NEWLINE
TOKID: 257, LINE_NUM: 35, TOKEN: _Bool
TOKID: 322, LINE_NUM: 35, TOKEN: ;
NEWLINE
TOKID: 257, LINE_NUM: 36, TOKEN: _Complex
TOKID: 322, LINE_NUM: 36, TOKEN: ;
NEWLINE
TOKID: 257, LINE_NUM: 37, TOKEN: _Imaginary
TOKID: 322, LINE_NUM: 37, TOKEN: ;
NEWLINE
TOKID: 257, LINE_NUM: 38, TOKEN: automatic
TOKID: 322, LINE_NUM: 38, TOKEN: ;
NEWLINE
TOKID: 261, LINE_NUM: 39, NUMLIT: 0, TOKEN: 0
TOKID: 257, LINE_NUM: 39, TOKEN: ident
TOKID: 322, LINE_NUM: 39, TOKEN: ;
NEWLINE
