make
make[1]: Entering directory '/home/flof/Compilers-ECE-466/Lexer'
make[1]: 'a.out' is up to date.
make[1]: Leaving directory '/home/flof/Compilers-ECE-466/Lexer'
./a.out < ../Assignment1/num.c
TOKID: 261, LINE_NUM: 1, NUMLIT: 1, TOKEN: +1
NEWLINE
TOKID: 261, LINE_NUM: 2, NUMLIT: 0, TOKEN: 0
NEWLINE
TOKID: 261, LINE_NUM: 3, NUMLIT: 0, TOKEN: 00
NEWLINE
TOKID: 262, LINE_NUM: 4, FLIT: 0.000000, TOKEN: 0L
NEWLINE
TOKID: 262, LINE_NUM: 5, FLIT: 0.100000, TOKEN: 0.1
NEWLINE
TOKID: 261, LINE_NUM: 6, NUMLIT: -1, TOKEN: -1
NEWLINE
TOKID: 261, LINE_NUM: 7, NUMLIT: 1, TOKEN: 1
TOKID: 257, LINE_NUM: 7, TOKEN: U
NEWLINE
TOKID: 262, LINE_NUM: 8, FLIT: 77.000000, TOKEN: 077L
TOKID: 257, LINE_NUM: 8, TOKEN: LU
NEWLINE
TOKID: 262, LINE_NUM: 9, FLIT: 431.000000, TOKEN: 0x1AFL
NEWLINE
TOKID: 261, LINE_NUM: 10, NUMLIT: 30, TOKEN: 0x1E
TOKID: 257, LINE_NUM: 10, TOKEN: ZERO001
NEWLINE
TOKID: 262, LINE_NUM: 11, FLIT: 100000000.000000, TOKEN: 1e8f
NEWLINE
TOKID: 262, LINE_NUM: 12, FLIT: 2.000000, TOKEN: 0x100p-7
NEWLINE
TOKID: 261, LINE_NUM: 13, NUMLIT: 4110, TOKEN: 0x100e
TOKID: 261, LINE_NUM: 13, NUMLIT: -2, TOKEN: -2
NEWLINE
TOKID: 274, LINE_NUM: 14, TOKEN: ...
TOKID: 262, LINE_NUM: 14, FLIT: 0.800000, TOKEN: .8
NEWLINE
TOKID: 261, LINE_NUM: 15, NUMLIT: 7, TOKEN: 000007
NEWLINE
TOKID: 262, LINE_NUM: 16, FLIT: 77800.000000, TOKEN: 0077800
NEWLINE
TOKID: 262, LINE_NUM: 17, FLIT: 1700000000.000000, TOKEN: 017e+8
NEWLINE
TOKID: 262, LINE_NUM: 18, FLIT: 15.000000, TOKEN: 15f
NEWLINE
TOKID: 262, LINE_NUM: 19, FLIT: 15.000000, TOKEN: 15L
NEWLINE
TOKID: 262, LINE_NUM: 20, FLIT: 15.000000, TOKEN: 15.L
NEWLINE
TOKID: 262, LINE_NUM: 21, FLIT: 13.000000, TOKEN: 0x1.Ap3
NEWLINE
TOKID: 262, LINE_NUM: 22, FLIT: 1.000000, TOKEN: 1.0L
TOKID: 257, LINE_NUM: 22, TOKEN: I
NEWLINE
TOKID: 262, LINE_NUM: 23, FLIT: 1.000000, TOKEN: 1f
TOKID: 257, LINE_NUM: 23, TOKEN: i
NEWLINE
