make
make[1]: Entering directory '/home/flof/Compilers-ECE-466/Lexer'
make[1]: 'a.out' is up to date.
make[1]: Leaving directory '/home/flof/Compilers-ECE-466/Lexer'
./a.out < ../Assignment1/op.c
[TOKID: 257, LINE_NUM: 1, TOKEN: brackets
]NEWLINE
{TOKID: 257, LINE_NUM: 2, TOKEN: braces
}NEWLINE
(TOKID: 257, LINE_NUM: 3, TOKEN: paren
)NEWLINE
.NEWLINE
TOKID: 263, LINE_NUM: 5, TOKEN: ->
NEWLINE
TOKID: 257, LINE_NUM: 6, TOKEN: a
TOKID: 264, LINE_NUM: 6, TOKEN: ++
+TOKID: 257, LINE_NUM: 6, TOKEN: b
TOKID: 265, LINE_NUM: 6, TOKEN: --
-TOKID: 257, LINE_NUM: 6, TOKEN: c
NEWLINE
TOKID: 257, LINE_NUM: 7, TOKEN: a
TOKID: 272, LINE_NUM: 7, TOKEN: &&
&TOKID: 257, LINE_NUM: 7, TOKEN: b
NEWLINE
TOKID: 257, LINE_NUM: 8, TOKEN: d
**TOKID: 257, LINE_NUM: 8, TOKEN: e
NEWLINE
~NEWLINE
!NEWLINE
/NEWLINE
TOKID: 271, LINE_NUM: 12, TOKEN: !=
NEWLINE
%NEWLINE
TOKID: 277, LINE_NUM: 14, TOKEN: %=
NEWLINE
TOKID: 280, LINE_NUM: 15, TOKEN: <<=
TOKID: 266, LINE_NUM: 15, TOKEN: <<
TOKID: 257, LINE_NUM: 15, TOKEN: shifts
TOKID: 267, LINE_NUM: 15, TOKEN: >>
TOKID: 281, LINE_NUM: 15, TOKEN: >>=
NEWLINE
<TOKID: 257, LINE_NUM: 16, TOKEN: gtlt
>NEWLINE
^NEWLINE
|NEWLINE
TOKID: 273, LINE_NUM: 19, TOKEN: ||
NEWLINE
?:TOKID: 322, LINE_NUM: 20, TOKEN: ;
TOKID: 274, LINE_NUM: 20, TOKEN: ...
NEWLINE
TOKID: 278, LINE_NUM: 21, TOKEN: +=
TOKID: 279, LINE_NUM: 21, TOKEN: -=
TOKID: 276, LINE_NUM: 21, TOKEN: /=
TOKID: 275, LINE_NUM: 21, TOKEN: *=
TOKID: 284, LINE_NUM: 21, TOKEN: ^=
TOKID: 283, LINE_NUM: 21, TOKEN: |=
TOKID: 282, LINE_NUM: 21, TOKEN: &=
NEWLINE
,NEWLINE
